Using pre-set license
Built from '2020.3/staging' branch; Version is '2020.3.25f1 (9b9180224418) revision 10195328'; Using compiler version '192528614'; Build Type 'Release'
OS: 'Windows 10  (10.0.19044) 64bit CoreSingleLanguage' Language: 'en' Physical Memory: 8056 MB
BatchMode: 1, IsHumanControllingUs: 0, StartBugReporterOnCrash: 0, Is64bit: 1, IsPro: 0

COMMAND LINE ARGUMENTS:
C:\Program Files\Unity\Hub\Editor\2020.3.25f1\Editor\Unity.exe
-adb2
-batchMode
-noUpm
-name
AssetImportWorker0
-projectPath
D:/Github/Unity Projects/WheelFury_Alpha/WheelsFury_alpha/WheelsFury0.0
-logFile
Logs/AssetImportWorker0.log
-srvPort
59813
Successfully changed project path to: D:/Github/Unity Projects/WheelFury_Alpha/WheelsFury_alpha/WheelsFury0.0
D:/Github/Unity Projects/WheelFury_Alpha/WheelsFury_alpha/WheelsFury0.0
Using Asset Import Pipeline V2.
Refreshing native plugins compatible for Editor in 192.22 ms, found 2 plugins.
Preloading 0 native plugins for Editor in 0.00 ms.
Initialize engine version: 2020.3.25f1 (9b9180224418)
[Subsystems] Discovering subsystems at path C:/Program Files/Unity/Hub/Editor/2020.3.25f1/Editor/Data/Resources/UnitySubsystems
[Subsystems] Discovering subsystems at path D:/Github/Unity Projects/WheelFury_Alpha/WheelsFury_alpha/WheelsFury0.0/Assets
GfxDevice: creating device client; threaded=0
Direct3D:
    Version:  Direct3D 11.0 [level 11.1]
    Renderer: Radeon (TM) 520 (ID=0x6665)
    Vendor:   
    VRAM:     2039 MB
    Driver:   27.20.20903.8001
Initialize mono
Mono path[0] = 'C:/Program Files/Unity/Hub/Editor/2020.3.25f1/Editor/Data/Managed'
Mono path[1] = 'C:/Program Files/Unity/Hub/Editor/2020.3.25f1/Editor/Data/MonoBleedingEdge/lib/mono/unityjit'
Mono config path = 'C:/Program Files/Unity/Hub/Editor/2020.3.25f1/Editor/Data/MonoBleedingEdge/etc'
Using monoOptions --debugger-agent=transport=dt_socket,embedding=1,server=y,suspend=n,address=127.0.0.1:56332
Begin MonoManager ReloadAssembly
Registering precompiled unity dll's ...
Register platform support module: C:/Program Files/Unity/Hub/Editor/2020.3.25f1/Editor/Data/PlaybackEngines/WindowsStandaloneSupport/UnityEditor.WindowsStandalone.Extensions.dll
Registered in 0.003723 seconds.
Native extension for WindowsStandalone target not found
Refreshing native plugins compatible for Editor in 126.05 ms, found 2 plugins.
Preloading 0 native plugins for Editor in 0.00 ms.
Mono: successfully reloaded assembly
- Completed reload, in  1.218 seconds
Domain Reload Profiling:
	ReloadAssembly (1219ms)
		BeginReloadAssembly (100ms)
			ExecutionOrderSort (0ms)
			DisableScriptedObjects (0ms)
			BackupInstance (0ms)
			ReleaseScriptingObjects (0ms)
			CreateAndSetChildDomain (2ms)
		EndReloadAssembly (936ms)
			LoadAssemblies (96ms)
			RebuildTransferFunctionScriptingTraits (0ms)
			SetupTypeCache (291ms)
			ReleaseScriptCaches (0ms)
			RebuildScriptCaches (64ms)
			SetupLoadedEditorAssemblies (380ms)
				LogAssemblyErrors (0ms)
				InitializePlatformSupportModulesInManaged (9ms)
				SetLoadedEditorAssemblies (1ms)
				RefreshPlugins (126ms)
				BeforeProcessingInitializeOnLoad (29ms)
				ProcessInitializeOnLoadAttributes (147ms)
				ProcessInitializeOnLoadMethodAttributes (68ms)
				AfterProcessingInitializeOnLoad (0ms)
				EditorAssembliesLoaded (0ms)
			ExecutionOrderSort2 (0ms)
			AwakeInstancesAfterBackupRestoration (0ms)
Platform modules already initialized, skipping
Registering precompiled user dll's ...
Registered in 0.006920 seconds.
Begin MonoManager ReloadAssembly
Native extension for WindowsStandalone target not found
Refreshing native plugins compatible for Editor in 1.00 ms, found 2 plugins.
Preloading 0 native plugins for Editor in 0.00 ms.
Mono: successfully reloaded assembly
- Completed reload, in  2.071 seconds
Domain Reload Profiling:
	ReloadAssembly (2072ms)
		BeginReloadAssembly (297ms)
			ExecutionOrderSort (0ms)
			DisableScriptedObjects (8ms)
			BackupInstance (0ms)
			ReleaseScriptingObjects (0ms)
			CreateAndSetChildDomain (37ms)
		EndReloadAssembly (1604ms)
			LoadAssemblies (163ms)
			RebuildTransferFunctionScriptingTraits (0ms)
			SetupTypeCache (548ms)
			ReleaseScriptCaches (1ms)
			RebuildScriptCaches (110ms)
			SetupLoadedEditorAssemblies (637ms)
				LogAssemblyErrors (0ms)
				InitializePlatformSupportModulesInManaged (8ms)
				SetLoadedEditorAssemblies (1ms)
				RefreshPlugins (1ms)
				BeforeProcessingInitializeOnLoad (154ms)
				ProcessInitializeOnLoadAttributes (440ms)
				ProcessInitializeOnLoadMethodAttributes (21ms)
				AfterProcessingInitializeOnLoad (11ms)
				EditorAssembliesLoaded (1ms)
			ExecutionOrderSort2 (0ms)
			AwakeInstancesAfterBackupRestoration (11ms)
Platform modules already initialized, skipping
========================================================================
Worker process is ready to serve import requests
Launched and connected shader compiler UnityShaderCompiler.exe after 0.12 seconds
Refreshing native plugins compatible for Editor in 0.73 ms, found 2 plugins.
Preloading 0 native plugins for Editor in 0.00 ms.
Unloading 1921 Unused Serialized files (Serialized files now loaded: 0)
System memory in use before: 84.1 MB.
System memory in use after: 84.2 MB.

Unloading 26 unused Assets to reduce memory usage. Loaded Objects now: 2351.
Total: 4.836800 ms (FindLiveObjects: 0.213300 ms CreateObjectMapping: 0.102000 ms MarkObjects: 4.407500 ms  DeleteObjects: 0.112200 ms)

AssetImportParameters requested are different than current active one (requested -> active):
  custom:framework-win-MediaFoundation: 216162199b28c13a410421893ffa2e32 -> 
  custom:video-decoder-ogg-theora: a1e56fd34408186e4bbccfd4996cb3dc -> 
  custom:container-muxer-webm: aa71ff27fc2769a1b78a27578f13a17b -> 
  custom:container-demuxer-webm: 4f35f7cbe854078d1ac9338744f61a02 -> 
  custom:container-demuxer-ogg: 62fdf1f143b41e24485cea50d1cbac27 -> 
  custom:video-encoder-webm-vp8: eb34c28f22e8b96e1ab97ce403110664 -> 
  custom:video-decoder-webm-vp8: 9c59270c3fd7afecdb556c50c9e8de78 -> 
  custom:audio-decoder-ogg-vorbis: bf7c407c2cedff20999df2af8eb42d56 -> 
  custom:audio-encoder-webm-vorbis: bf7c407c2cedff20999df2af8eb42d56 -> 
========================================================================
Received Import Request.
  path: Assets/Scenes/Game Scene.unity
  artifactKey: Guid(c1a6f22cf1d8a604bb9361155bc36c4d) Importer(815301076,1909f56bfc062723c751e8b465ee728b)
Start importing Assets/Scenes/Game Scene.unity using Guid(c1a6f22cf1d8a604bb9361155bc36c4d) Importer(815301076,1909f56bfc062723c751e8b465ee728b)  -> (artifact id: '22ba1049d4272022eb89c7b4fef6ba61') in 0.058054 seconds 
  Import took 0.062729 seconds .

========================================================================
Received Import Request.
  Time since last request: 229.719809 seconds.
  path: Assets/Prefabs/Shocker Effect.prefab
  artifactKey: Guid(652daf6029d8afa479ae2363a08f6794) Importer(815301076,1909f56bfc062723c751e8b465ee728b)
Start importing Assets/Prefabs/Shocker Effect.prefab using Guid(652daf6029d8afa479ae2363a08f6794) Importer(815301076,1909f56bfc062723c751e8b465ee728b)  -> (artifact id: '4bf6dcb8ab5d8e40f95bd573b2895b9e') in 0.237722 seconds 
  Import took 0.245067 seconds .

========================================================================
Received Import Request.
  Time since last request: 24.162272 seconds.
  path: Assets/Prefabs/Shocker Effect.prefab
  artifactKey: Guid(652daf6029d8afa479ae2363a08f6794) Importer(815301076,1909f56bfc062723c751e8b465ee728b)
Start importing Assets/Prefabs/Shocker Effect.prefab using Guid(652daf6029d8afa479ae2363a08f6794) Importer(815301076,1909f56bfc062723c751e8b465ee728b)  -> (artifact id: '283e21660cbd15448f2d8392b1bcdcb8') in 0.026963 seconds 
  Import took 0.035575 seconds .

========================================================================
Received Import Request.
  Time since last request: 44.850191 seconds.
  path: Assets/Scripts/weapon system/Effects/MissileImpactEffect.cs
  artifactKey: Guid(9e2736ccc3a0fb443a0a6e00046fdb17) Importer(815301076,1909f56bfc062723c751e8b465ee728b)
Start importing Assets/Scripts/weapon system/Effects/MissileImpactEffect.cs using Guid(9e2736ccc3a0fb443a0a6e00046fdb17) Importer(815301076,1909f56bfc062723c751e8b465ee728b)  -> (artifact id: 'fb0f711ad055f2315333b3bc01c664dd') in 0.086680 seconds 
  Import took 0.091214 seconds .

========================================================================
Received Import Request.
  Time since last request: 13.757835 seconds.
  path: Assets/Scripts/weapon system/Effects/MissileImpactEffect1.cs
  artifactKey: Guid(8c3c79536a907e542baa290d1c7c202f) Importer(815301076,1909f56bfc062723c751e8b465ee728b)
Start importing Assets/Scripts/weapon system/Effects/MissileImpactEffect1.cs using Guid(8c3c79536a907e542baa290d1c7c202f) Importer(815301076,1909f56bfc062723c751e8b465ee728b)  -> (artifact id: '1af15f9b7ee490ac8cca8f68f8154c5e') in 0.027364 seconds 
  Import took 0.035988 seconds .

========================================================================
Received Import Request.
  Time since last request: 9.445622 seconds.
  path: Assets/Scripts/weapon system/Effects/ShockerEffect.cs
  artifactKey: Guid(8c3c79536a907e542baa290d1c7c202f) Importer(815301076,1909f56bfc062723c751e8b465ee728b)
Start importing Assets/Scripts/weapon system/Effects/ShockerEffect.cs using Guid(8c3c79536a907e542baa290d1c7c202f) Importer(815301076,1909f56bfc062723c751e8b465ee728b)  -> (artifact id: '2cb8c9d80919deeac4d537b67aaf28da') in 0.022953 seconds 
  Import took 0.032622 seconds .

========================================================================
Received Import Request.
  Time since last request: 46.125296 seconds.
  path: Assets/Scripts/weapon system/Effects/ShockerEffect.cs
  artifactKey: Guid(8c3c79536a907e542baa290d1c7c202f) Importer(815301076,1909f56bfc062723c751e8b465ee728b)
Start importing Assets/Scripts/weapon system/Effects/ShockerEffect.cs using Guid(8c3c79536a907e542baa290d1c7c202f) Importer(815301076,1909f56bfc062723c751e8b465ee728b)  -> (artifact id: '252c11b90ee426279a14884a47fa3c45') in 0.164348 seconds 
  Import took 0.173235 seconds .

========================================================================
Received Import Request.
  Time since last request: 941.630168 seconds.
  path: Assets/Scripts/weapon system/Effects/ShockerEffect.cs
  artifactKey: Guid(8c3c79536a907e542baa290d1c7c202f) Importer(815301076,1909f56bfc062723c751e8b465ee728b)
Start importing Assets/Scripts/weapon system/Effects/ShockerEffect.cs using Guid(8c3c79536a907e542baa290d1c7c202f) Importer(815301076,1909f56bfc062723c751e8b465ee728b)  -> (artifact id: '9b067a9018c112b67dfaa7f41bd68eab') in 0.010947 seconds 
  Import took 0.047035 seconds .

========================================================================
Received Prepare
Registering precompiled user dll's ...
Registered in 0.169924 seconds.
Begin MonoManager ReloadAssembly
Native extension for WindowsStandalone target not found
Refreshing native plugins compatible for Editor in 0.91 ms, found 2 plugins.
Preloading 0 native plugins for Editor in 0.00 ms.
Mono: successfully reloaded assembly
- Completed reload, in  2.152 seconds
Domain Reload Profiling:
	ReloadAssembly (2155ms)
		BeginReloadAssembly (368ms)
			ExecutionOrderSort (0ms)
			DisableScriptedObjects (25ms)
			BackupInstance (0ms)
			ReleaseScriptingObjects (0ms)
			CreateAndSetChildDomain (179ms)
		EndReloadAssembly (1663ms)
			LoadAssemblies (196ms)
			RebuildTransferFunctionScriptingTraits (0ms)
			SetupTypeCache (589ms)
			ReleaseScriptCaches (1ms)
			RebuildScriptCaches (87ms)
			SetupLoadedEditorAssemblies (613ms)
				LogAssemblyErrors (0ms)
				InitializePlatformSupportModulesInManaged (9ms)
				SetLoadedEditorAssemblies (2ms)
				RefreshPlugins (1ms)
				BeforeProcessingInitializeOnLoad (155ms)
				ProcessInitializeOnLoadAttributes (411ms)
				ProcessInitializeOnLoadMethodAttributes (23ms)
				AfterProcessingInitializeOnLoad (12ms)
				EditorAssembliesLoaded (1ms)
			ExecutionOrderSort2 (0ms)
			AwakeInstancesAfterBackupRestoration (12ms)
Platform modules already initialized, skipping
Refreshing native plugins compatible for Editor in 0.63 ms, found 2 plugins.
Preloading 0 native plugins for Editor in 0.00 ms.
Unloading 1900 Unused Serialized files (Serialized files now loaded: 0)
System memory in use before: 85.8 MB.
System memory in use after: 85.9 MB.

Unloading 21 unused Assets to reduce memory usage. Loaded Objects now: 2363.
Total: 4.989700 ms (FindLiveObjects: 0.256200 ms CreateObjectMapping: 0.111200 ms MarkObjects: 4.575200 ms  DeleteObjects: 0.045400 ms)

AssetImportParameters requested are different than current active one (requested -> active):
  custom:framework-win-MediaFoundation: 216162199b28c13a410421893ffa2e32 -> 
  custom:video-decoder-ogg-theora: a1e56fd34408186e4bbccfd4996cb3dc -> 
  custom:container-muxer-webm: aa71ff27fc2769a1b78a27578f13a17b -> 
  custom:container-demuxer-webm: 4f35f7cbe854078d1ac9338744f61a02 -> 
  custom:container-demuxer-ogg: 62fdf1f143b41e24485cea50d1cbac27 -> 
  custom:video-encoder-webm-vp8: eb34c28f22e8b96e1ab97ce403110664 -> 
  custom:video-decoder-webm-vp8: 9c59270c3fd7afecdb556c50c9e8de78 -> 
  custom:audio-decoder-ogg-vorbis: bf7c407c2cedff20999df2af8eb42d56 -> 
  custom:audio-encoder-webm-vorbis: bf7c407c2cedff20999df2af8eb42d56 -> 
========================================================================
Received Import Request.
  Time since last request: 1028.384296 seconds.
  path: Assets/Prefabs/Shocker Effect.prefab
  artifactKey: Guid(652daf6029d8afa479ae2363a08f6794) Importer(815301076,1909f56bfc062723c751e8b465ee728b)
Start importing Assets/Prefabs/Shocker Effect.prefab using Guid(652daf6029d8afa479ae2363a08f6794) Importer(815301076,1909f56bfc062723c751e8b465ee728b)  -> (artifact id: 'a9263a012f4ac894dffa681bdf042510') in 0.173142 seconds 
  Import took 0.202128 seconds .

========================================================================
Received Import Request.
  Time since last request: 6.832411 seconds.
  path: Assets/Prefabs/Shocker Effect.prefab
  artifactKey: Guid(652daf6029d8afa479ae2363a08f6794) Importer(815301076,1909f56bfc062723c751e8b465ee728b)
Start importing Assets/Prefabs/Shocker Effect.prefab using Guid(652daf6029d8afa479ae2363a08f6794) Importer(815301076,1909f56bfc062723c751e8b465ee728b)  -> (artifact id: '69826be2c622e45eaca9ddb7fdcb811d') in 0.030673 seconds 
  Import took 0.048352 seconds .

========================================================================
Received Import Request.
  Time since last request: 2.620715 seconds.
  path: Assets/Prefabs/Shocker Effect.prefab
  artifactKey: Guid(652daf6029d8afa479ae2363a08f6794) Importer(815301076,1909f56bfc062723c751e8b465ee728b)
Start importing Assets/Prefabs/Shocker Effect.prefab using Guid(652daf6029d8afa479ae2363a08f6794) Importer(815301076,1909f56bfc062723c751e8b465ee728b)  -> (artifact id: '1a7216f95ab41423e9d1bf4b036011b1') in 0.029340 seconds 
  Import took 0.036358 seconds .

========================================================================
Received Import Request.
  Time since last request: 4.041002 seconds.
  path: Assets/Prefabs/Shocker Effect.prefab
  artifactKey: Guid(652daf6029d8afa479ae2363a08f6794) Importer(815301076,1909f56bfc062723c751e8b465ee728b)
Start importing Assets/Prefabs/Shocker Effect.prefab using Guid(652daf6029d8afa479ae2363a08f6794) Importer(815301076,1909f56bfc062723c751e8b465ee728b)  -> (artifact id: 'e1a2b2bb7c04d8e3e60ac8eba9fd8d58') in 0.046743 seconds 
  Import took 0.056005 seconds .

========================================================================
Received Import Request.
  Time since last request: 0.670542 seconds.
  path: Assets/Prefabs/Shocker Effect.prefab
  artifactKey: Guid(652daf6029d8afa479ae2363a08f6794) Importer(815301076,1909f56bfc062723c751e8b465ee728b)
Start importing Assets/Prefabs/Shocker Effect.prefab using Guid(652daf6029d8afa479ae2363a08f6794) Importer(815301076,1909f56bfc062723c751e8b465ee728b)  -> (artifact id: '72d8e5bd3a09f056d25413a04cd52e82') in 0.024634 seconds 
  Import took 0.044728 seconds .

========================================================================
Received Import Request.
  Time since last request: 12.613010 seconds.
  path: Assets/Resources/Player 4.0.prefab
  artifactKey: Guid(676825f5944fd66478da7eaaa5b787c5) Importer(815301076,1909f56bfc062723c751e8b465ee728b)
Start importing Assets/Resources/Player 4.0.prefab using Guid(676825f5944fd66478da7eaaa5b787c5) Importer(815301076,1909f56bfc062723c751e8b465ee728b)  -> (artifact id: '6560291b97f67b450726a07a3e02b41b') in 0.347619 seconds 
  Import took 0.380451 seconds .

========================================================================
Received Import Request.
  Time since last request: 122.325382 seconds.
  path: Assets/Scripts/weapon system/Weapons/Shocker/Shocker.cs
  artifactKey: Guid(e0e148e69f48ad0489f8424c15a20e51) Importer(815301076,1909f56bfc062723c751e8b465ee728b)
Start importing Assets/Scripts/weapon system/Weapons/Shocker/Shocker.cs using Guid(e0e148e69f48ad0489f8424c15a20e51) Importer(815301076,1909f56bfc062723c751e8b465ee728b)  -> (artifact id: '4315b6ba3f959af402b8982f3ddec2a9') in 0.016936 seconds 
  Import took 0.059318 seconds .

========================================================================
Received Prepare
Registering precompiled user dll's ...
Registered in 0.012325 seconds.
Begin MonoManager ReloadAssembly
Native extension for WindowsStandalone target not found
Refreshing native plugins compatible for Editor in 0.92 ms, found 2 plugins.
Preloading 0 native plugins for Editor in 0.00 ms.
Mono: successfully reloaded assembly
- Completed reload, in  2.851 seconds
Domain Reload Profiling:
	ReloadAssembly (2852ms)
		BeginReloadAssembly (251ms)
			ExecutionOrderSort (0ms)
			DisableScriptedObjects (9ms)
			BackupInstance (0ms)
			ReleaseScriptingObjects (0ms)
			CreateAndSetChildDomain (81ms)
		EndReloadAssembly (2432ms)
			LoadAssemblies (407ms)
			RebuildTransferFunctionScriptingTraits (0ms)
			SetupTypeCache (1108ms)
			ReleaseScriptCaches (2ms)
			RebuildScriptCaches (121ms)
			SetupLoadedEditorAssemblies (609ms)
				LogAssemblyErrors (0ms)
				InitializePlatformSupportModulesInManaged (9ms)
				SetLoadedEditorAssemblies (7ms)
				RefreshPlugins (1ms)
				BeforeProcessingInitializeOnLoad (161ms)
				ProcessInitializeOnLoadAttributes (397ms)
				ProcessInitializeOnLoadMethodAttributes (20ms)
				AfterProcessingInitializeOnLoad (11ms)
				EditorAssembliesLoaded (1ms)
			ExecutionOrderSort2 (0ms)
			AwakeInstancesAfterBackupRestoration (12ms)
Platform modules already initialized, skipping
Refreshing native plugins compatible for Editor in 0.68 ms, found 2 plugins.
Preloading 0 native plugins for Editor in 0.00 ms.
Unloading 1899 Unused Serialized files (Serialized files now loaded: 0)
System memory in use before: 85.8 MB.
System memory in use after: 86.0 MB.

Unloading 22 unused Assets to reduce memory usage. Loaded Objects now: 2366.
Total: 4.440100 ms (FindLiveObjects: 0.225200 ms CreateObjectMapping: 0.106200 ms MarkObjects: 4.063700 ms  DeleteObjects: 0.043500 ms)

AssetImportParameters requested are different than current active one (requested -> active):
  custom:framework-win-MediaFoundation: 216162199b28c13a410421893ffa2e32 -> 
  custom:video-decoder-ogg-theora: a1e56fd34408186e4bbccfd4996cb3dc -> 
  custom:container-muxer-webm: aa71ff27fc2769a1b78a27578f13a17b -> 
  custom:container-demuxer-webm: 4f35f7cbe854078d1ac9338744f61a02 -> 
  custom:container-demuxer-ogg: 62fdf1f143b41e24485cea50d1cbac27 -> 
  custom:video-encoder-webm-vp8: eb34c28f22e8b96e1ab97ce403110664 -> 
  custom:video-decoder-webm-vp8: 9c59270c3fd7afecdb556c50c9e8de78 -> 
  custom:audio-decoder-ogg-vorbis: bf7c407c2cedff20999df2af8eb42d56 -> 
  custom:audio-encoder-webm-vorbis: bf7c407c2cedff20999df2af8eb42d56 -> 
========================================================================
Received Prepare
Refreshing native plugins compatible for Editor in 12.65 ms, found 2 plugins.
Preloading 0 native plugins for Editor in 0.00 ms.
Unloading 17 Unused Serialized files (Serialized files now loaded: 0)
System memory in use before: 48.6 MB.
System memory in use after: 48.7 MB.

Unloading 17 unused Assets to reduce memory usage. Loaded Objects now: 2366.
Total: 12.104800 ms (FindLiveObjects: 0.444800 ms CreateObjectMapping: 0.331900 ms MarkObjects: 11.290100 ms  DeleteObjects: 0.035300 ms)

AssetImportParameters requested are different than current active one (requested -> active):
  custom:framework-win-MediaFoundation: 216162199b28c13a410421893ffa2e32 -> 
  custom:video-decoder-ogg-theora: a1e56fd34408186e4bbccfd4996cb3dc -> 
  custom:container-muxer-webm: aa71ff27fc2769a1b78a27578f13a17b -> 
  custom:container-demuxer-webm: 4f35f7cbe854078d1ac9338744f61a02 -> 
  custom:container-demuxer-ogg: 62fdf1f143b41e24485cea50d1cbac27 -> 
  custom:video-encoder-webm-vp8: eb34c28f22e8b96e1ab97ce403110664 -> 
  custom:video-decoder-webm-vp8: 9c59270c3fd7afecdb556c50c9e8de78 -> 
  custom:audio-decoder-ogg-vorbis: bf7c407c2cedff20999df2af8eb42d56 -> 
  custom:audio-encoder-webm-vorbis: bf7c407c2cedff20999df2af8eb42d56 -> 
========================================================================
Received Prepare
Registering precompiled user dll's ...
Registered in 0.023514 seconds.
Begin MonoManager ReloadAssembly
Native extension for WindowsStandalone target not found
Refreshing native plugins compatible for Editor in 1.59 ms, found 2 plugins.
Preloading 0 native plugins for Editor in 0.00 ms.
Mono: successfully reloaded assembly
- Completed reload, in  4.676 seconds
Domain Reload Profiling:
	ReloadAssembly (4678ms)
		BeginReloadAssembly (610ms)
			ExecutionOrderSort (0ms)
			DisableScriptedObjects (53ms)
			BackupInstance (0ms)
			ReleaseScriptingObjects (0ms)
			CreateAndSetChildDomain (256ms)
		EndReloadAssembly (3726ms)
			LoadAssemblies (431ms)
			RebuildTransferFunctionScriptingTraits (0ms)
			SetupTypeCache (1360ms)
			ReleaseScriptCaches (2ms)
			RebuildScriptCaches (208ms)
			SetupLoadedEditorAssemblies (1422ms)
				LogAssemblyErrors (0ms)
				InitializePlatformSupportModulesInManaged (12ms)
				SetLoadedEditorAssemblies (3ms)
				RefreshPlugins (2ms)
				BeforeProcessingInitializeOnLoad (351ms)
				ProcessInitializeOnLoadAttributes (961ms)
				ProcessInitializeOnLoadMethodAttributes (49ms)
				AfterProcessingInitializeOnLoad (43ms)
				EditorAssembliesLoaded (1ms)
			ExecutionOrderSort2 (0ms)
			AwakeInstancesAfterBackupRestoration (32ms)
Platform modules already initialized, skipping
Refreshing native plugins compatible for Editor in 1.07 ms, found 2 plugins.
Preloading 0 native plugins for Editor in 0.00 ms.
Unloading 1899 Unused Serialized files (Serialized files now loaded: 0)
System memory in use before: 85.9 MB.
System memory in use after: 86.0 MB.

Unloading 20 unused Assets to reduce memory usage. Loaded Objects now: 2369.
Total: 7.851000 ms (FindLiveObjects: 0.330000 ms CreateObjectMapping: 0.206600 ms MarkObjects: 7.282600 ms  DeleteObjects: 0.030000 ms)

AssetImportParameters requested are different than current active one (requested -> active):
  custom:framework-win-MediaFoundation: 216162199b28c13a410421893ffa2e32 -> 
  custom:video-decoder-ogg-theora: a1e56fd34408186e4bbccfd4996cb3dc -> 
  custom:container-muxer-webm: aa71ff27fc2769a1b78a27578f13a17b -> 
  custom:container-demuxer-webm: 4f35f7cbe854078d1ac9338744f61a02 -> 
  custom:container-demuxer-ogg: 62fdf1f143b41e24485cea50d1cbac27 -> 
  custom:video-encoder-webm-vp8: eb34c28f22e8b96e1ab97ce403110664 -> 
  custom:video-decoder-webm-vp8: 9c59270c3fd7afecdb556c50c9e8de78 -> 
  custom:audio-decoder-ogg-vorbis: bf7c407c2cedff20999df2af8eb42d56 -> 
  custom:audio-encoder-webm-vorbis: bf7c407c2cedff20999df2af8eb42d56 -> 
========================================================================
Received Import Request.
  Time since last request: 409.052187 seconds.
  path: Assets/Scenes/Game Scene.unity
  artifactKey: Guid(c1a6f22cf1d8a604bb9361155bc36c4d) Importer(815301076,1909f56bfc062723c751e8b465ee728b)
Start importing Assets/Scenes/Game Scene.unity using Guid(c1a6f22cf1d8a604bb9361155bc36c4d) Importer(815301076,1909f56bfc062723c751e8b465ee728b)  -> (artifact id: '8c2999cde5b2e4681d8d69f53877a2de') in 0.046199 seconds 
  Import took 0.088254 seconds .

========================================================================
Received Import Request.
  Time since last request: 4.812950 seconds.
  path: Assets/Resources/Player 4.0.prefab
  artifactKey: Guid(676825f5944fd66478da7eaaa5b787c5) Importer(815301076,1909f56bfc062723c751e8b465ee728b)
Start importing Assets/Resources/Player 4.0.prefab using Guid(676825f5944fd66478da7eaaa5b787c5) Importer(815301076,1909f56bfc062723c751e8b465ee728b)  -> (artifact id: 'ef6f2778c785e98f95d145682446fcd3') in 0.196239 seconds 
  Import took 0.235064 seconds .

========================================================================
Received Prepare
Registering precompiled user dll's ...
Registered in 0.007506 seconds.
Begin MonoManager ReloadAssembly
Native extension for WindowsStandalone target not found
Refreshing native plugins compatible for Editor in 0.68 ms, found 2 plugins.
Preloading 0 native plugins for Editor in 0.00 ms.
Mono: successfully reloaded assembly
- Completed reload, in  2.092 seconds
Domain Reload Profiling:
	ReloadAssembly (2093ms)
		BeginReloadAssembly (230ms)
			ExecutionOrderSort (0ms)
			DisableScriptedObjects (10ms)
			BackupInstance (0ms)
			ReleaseScriptingObjects (0ms)
			CreateAndSetChildDomain (72ms)
		EndReloadAssembly (1739ms)
			LoadAssemblies (195ms)
			RebuildTransferFunctionScriptingTraits (0ms)
			SetupTypeCache (730ms)
			ReleaseScriptCaches (1ms)
			RebuildScriptCaches (82ms)
			SetupLoadedEditorAssemblies (592ms)
				LogAssemblyErrors (0ms)
				InitializePlatformSupportModulesInManaged (8ms)
				SetLoadedEditorAssemblies (1ms)
				RefreshPlugins (1ms)
				BeforeProcessingInitializeOnLoad (143ms)
				ProcessInitializeOnLoadAttributes (410ms)
				ProcessInitializeOnLoadMethodAttributes (19ms)
				AfterProcessingInitializeOnLoad (11ms)
				EditorAssembliesLoaded (1ms)
			ExecutionOrderSort2 (0ms)
			AwakeInstancesAfterBackupRestoration (12ms)
Platform modules already initialized, skipping
Refreshing native plugins compatible for Editor in 1.10 ms, found 2 plugins.
Preloading 0 native plugins for Editor in 0.00 ms.
Unloading 1899 Unused Serialized files (Serialized files now loaded: 0)
System memory in use before: 85.9 MB.
System memory in use after: 86.0 MB.

Unloading 20 unused Assets to reduce memory usage. Loaded Objects now: 2373.
Total: 4.678100 ms (FindLiveObjects: 0.233900 ms CreateObjectMapping: 0.102800 ms MarkObjects: 4.305200 ms  DeleteObjects: 0.034200 ms)

AssetImportParameters requested are different than current active one (requested -> active):
  custom:framework-win-MediaFoundation: 216162199b28c13a410421893ffa2e32 -> 
  custom:video-decoder-ogg-theora: a1e56fd34408186e4bbccfd4996cb3dc -> 
  custom:container-muxer-webm: aa71ff27fc2769a1b78a27578f13a17b -> 
  custom:container-demuxer-webm: 4f35f7cbe854078d1ac9338744f61a02 -> 
  custom:container-demuxer-ogg: 62fdf1f143b41e24485cea50d1cbac27 -> 
  custom:video-encoder-webm-vp8: eb34c28f22e8b96e1ab97ce403110664 -> 
  custom:video-decoder-webm-vp8: 9c59270c3fd7afecdb556c50c9e8de78 -> 
  custom:audio-decoder-ogg-vorbis: bf7c407c2cedff20999df2af8eb42d56 -> 
  custom:audio-encoder-webm-vorbis: bf7c407c2cedff20999df2af8eb42d56 -> 
========================================================================
Received Prepare
Registering precompiled user dll's ...
Registered in 0.016994 seconds.
Begin MonoManager ReloadAssembly
Native extension for WindowsStandalone target not found
Refreshing native plugins compatible for Editor in 0.68 ms, found 2 plugins.
Preloading 0 native plugins for Editor in 0.00 ms.
Mono: successfully reloaded assembly
- Completed reload, in  2.003 seconds
Domain Reload Profiling:
	ReloadAssembly (2004ms)
		BeginReloadAssembly (233ms)
			ExecutionOrderSort (0ms)
			DisableScriptedObjects (8ms)
			BackupInstance (0ms)
			ReleaseScriptingObjects (0ms)
			CreateAndSetChildDomain (62ms)
		EndReloadAssembly (1641ms)
			LoadAssemblies (226ms)
			RebuildTransferFunctionScriptingTraits (0ms)
			SetupTypeCache (628ms)
			ReleaseScriptCaches (1ms)
			RebuildScriptCaches (82ms)
			SetupLoadedEditorAssemblies (574ms)
				LogAssemblyErrors (0ms)
				InitializePlatformSupportModulesInManaged (8ms)
				SetLoadedEditorAssemblies (1ms)
				RefreshPlugins (1ms)
				BeforeProcessingInitializeOnLoad (152ms)
				ProcessInitializeOnLoadAttributes (382ms)
				ProcessInitializeOnLoadMethodAttributes (19ms)
				AfterProcessingInitializeOnLoad (10ms)
				EditorAssembliesLoaded (1ms)
			ExecutionOrderSort2 (0ms)
			AwakeInstancesAfterBackupRestoration (11ms)
Platform modules already initialized, skipping
Refreshing native plugins compatible for Editor in 0.68 ms, found 2 plugins.
Preloading 0 native plugins for Editor in 0.00 ms.
Unloading 1899 Unused Serialized files (Serialized files now loaded: 0)
System memory in use before: 85.9 MB.
System memory in use after: 86.0 MB.

Unloading 20 unused Assets to reduce memory usage. Loaded Objects now: 2376.
Total: 12.743100 ms (FindLiveObjects: 0.325800 ms CreateObjectMapping: 0.195600 ms MarkObjects: 12.173900 ms  DeleteObjects: 0.043300 ms)

AssetImportParameters requested are different than current active one (requested -> active):
  custom:framework-win-MediaFoundation: 216162199b28c13a410421893ffa2e32 -> 
  custom:video-decoder-ogg-theora: a1e56fd34408186e4bbccfd4996cb3dc -> 
  custom:container-muxer-webm: aa71ff27fc2769a1b78a27578f13a17b -> 
  custom:container-demuxer-webm: 4f35f7cbe854078d1ac9338744f61a02 -> 
  custom:container-demuxer-ogg: 62fdf1f143b41e24485cea50d1cbac27 -> 
  custom:video-encoder-webm-vp8: eb34c28f22e8b96e1ab97ce403110664 -> 
  custom:video-decoder-webm-vp8: 9c59270c3fd7afecdb556c50c9e8de78 -> 
  custom:audio-decoder-ogg-vorbis: bf7c407c2cedff20999df2af8eb42d56 -> 
  custom:audio-encoder-webm-vorbis: bf7c407c2cedff20999df2af8eb42d56 -> 
========================================================================
Received Prepare
Refreshing native plugins compatible for Editor in 4.74 ms, found 2 plugins.
Preloading 0 native plugins for Editor in 0.00 ms.
Unloading 17 Unused Serialized files (Serialized files now loaded: 0)
System memory in use before: 48.6 MB.
System memory in use after: 48.7 MB.

Unloading 17 unused Assets to reduce memory usage. Loaded Objects now: 2376.
Total: 4.327800 ms (FindLiveObjects: 0.207600 ms CreateObjectMapping: 0.114300 ms MarkObjects: 3.979700 ms  DeleteObjects: 0.025000 ms)

AssetImportParameters requested are different than current active one (requested -> active):
  custom:framework-win-MediaFoundation: 216162199b28c13a410421893ffa2e32 -> 
  custom:video-decoder-ogg-theora: a1e56fd34408186e4bbccfd4996cb3dc -> 
  custom:container-muxer-webm: aa71ff27fc2769a1b78a27578f13a17b -> 
  custom:container-demuxer-webm: 4f35f7cbe854078d1ac9338744f61a02 -> 
  custom:container-demuxer-ogg: 62fdf1f143b41e24485cea50d1cbac27 -> 
  custom:video-encoder-webm-vp8: eb34c28f22e8b96e1ab97ce403110664 -> 
  custom:video-decoder-webm-vp8: 9c59270c3fd7afecdb556c50c9e8de78 -> 
  custom:audio-decoder-ogg-vorbis: bf7c407c2cedff20999df2af8eb42d56 -> 
  custom:audio-encoder-webm-vorbis: bf7c407c2cedff20999df2af8eb42d56 -> 
========================================================================
Received Prepare
Registering precompiled user dll's ...
Registered in 0.009879 seconds.
Begin MonoManager ReloadAssembly
Native extension for WindowsStandalone target not found
Refreshing native plugins compatible for Editor in 5.28 ms, found 2 plugins.
Preloading 0 native plugins for Editor in 0.00 ms.
Mono: successfully reloaded assembly
- Completed reload, in  3.448 seconds
Domain Reload Profiling:
	ReloadAssembly (3449ms)
		BeginReloadAssembly (402ms)
			ExecutionOrderSort (0ms)
			DisableScriptedObjects (35ms)
			BackupInstance (0ms)
			ReleaseScriptingObjects (0ms)
			CreateAndSetChildDomain (101ms)
		EndReloadAssembly (2815ms)
			LoadAssemblies (363ms)
			RebuildTransferFunctionScriptingTraits (0ms)
			SetupTypeCache (1026ms)
			ReleaseScriptCaches (2ms)
			RebuildScriptCaches (182ms)
			SetupLoadedEditorAssemblies (927ms)
				LogAssemblyErrors (0ms)
				InitializePlatformSupportModulesInManaged (15ms)
				SetLoadedEditorAssemblies (1ms)
				RefreshPlugins (6ms)
				BeforeProcessingInitializeOnLoad (212ms)
				ProcessInitializeOnLoadAttributes (630ms)
				ProcessInitializeOnLoadMethodAttributes (45ms)
				AfterProcessingInitializeOnLoad (17ms)
				EditorAssembliesLoaded (1ms)
			ExecutionOrderSort2 (0ms)
			AwakeInstancesAfterBackupRestoration (30ms)
Platform modules already initialized, skipping
Refreshing native plugins compatible for Editor in 4.78 ms, found 2 plugins.
Preloading 0 native plugins for Editor in 0.00 ms.
Unloading 1899 Unused Serialized files (Serialized files now loaded: 0)
System memory in use before: 85.9 MB.
System memory in use after: 86.0 MB.

Unloading 20 unused Assets to reduce memory usage. Loaded Objects now: 2379.
Total: 7.635700 ms (FindLiveObjects: 1.252600 ms CreateObjectMapping: 0.413300 ms MarkObjects: 5.933700 ms  DeleteObjects: 0.033200 ms)

AssetImportParameters requested are different than current active one (requested -> active):
  custom:framework-win-MediaFoundation: 216162199b28c13a410421893ffa2e32 -> 
  custom:video-decoder-ogg-theora: a1e56fd34408186e4bbccfd4996cb3dc -> 
  custom:container-muxer-webm: aa71ff27fc2769a1b78a27578f13a17b -> 
  custom:container-demuxer-webm: 4f35f7cbe854078d1ac9338744f61a02 -> 
  custom:container-demuxer-ogg: 62fdf1f143b41e24485cea50d1cbac27 -> 
  custom:video-encoder-webm-vp8: eb34c28f22e8b96e1ab97ce403110664 -> 
  custom:video-decoder-webm-vp8: 9c59270c3fd7afecdb556c50c9e8de78 -> 
  custom:audio-decoder-ogg-vorbis: bf7c407c2cedff20999df2af8eb42d56 -> 
  custom:audio-encoder-webm-vorbis: bf7c407c2cedff20999df2af8eb42d56 -> 
========================================================================
Received Prepare
Registering precompiled user dll's ...
Registered in 0.007123 seconds.
Begin MonoManager ReloadAssembly
Native extension for WindowsStandalone target not found
Refreshing native plugins compatible for Editor in 0.89 ms, found 2 plugins.
Preloading 0 native plugins for Editor in 0.00 ms.
Mono: successfully reloaded assembly
- Completed reload, in  2.691 seconds
Domain Reload Profiling:
	ReloadAssembly (2692ms)
		BeginReloadAssembly (241ms)
			ExecutionOrderSort (0ms)
			DisableScriptedObjects (14ms)
			BackupInstance (0ms)
			ReleaseScriptingObjects (0ms)
			CreateAndSetChildDomain (65ms)
		EndReloadAssembly (2297ms)
			LoadAssemblies (205ms)
			RebuildTransferFunctionScriptingTraits (0ms)
			SetupTypeCache (666ms)
			ReleaseScriptCaches (1ms)
			RebuildScriptCaches (85ms)
			SetupLoadedEditorAssemblies (1196ms)
				LogAssemblyErrors (0ms)
				InitializePlatformSupportModulesInManaged (10ms)
				SetLoadedEditorAssemblies (4ms)
				RefreshPlugins (1ms)
				BeforeProcessingInitializeOnLoad (525ms)
				ProcessInitializeOnLoadAttributes (610ms)
				ProcessInitializeOnLoadMethodAttributes (31ms)
				AfterProcessingInitializeOnLoad (16ms)
				EditorAssembliesLoaded (1ms)
			ExecutionOrderSort2 (0ms)
			AwakeInstancesAfterBackupRestoration (14ms)
Platform modules already initialized, skipping
Refreshing native plugins compatible for Editor in 0.65 ms, found 2 plugins.
Preloading 0 native plugins for Editor in 0.00 ms.
Unloading 1899 Unused Serialized files (Serialized files now loaded: 0)
System memory in use before: 85.9 MB.
System memory in use after: 86.0 MB.

Unloading 20 unused Assets to reduce memory usage. Loaded Objects now: 2382.
Total: 4.119400 ms (FindLiveObjects: 0.211600 ms CreateObjectMapping: 0.105100 ms MarkObjects: 3.774400 ms  DeleteObjects: 0.027000 ms)

AssetImportParameters requested are different than current active one (requested -> active):
  custom:framework-win-MediaFoundation: 216162199b28c13a410421893ffa2e32 -> 
  custom:video-decoder-ogg-theora: a1e56fd34408186e4bbccfd4996cb3dc -> 
  custom:container-muxer-webm: aa71ff27fc2769a1b78a27578f13a17b -> 
  custom:container-demuxer-webm: 4f35f7cbe854078d1ac9338744f61a02 -> 
  custom:container-demuxer-ogg: 62fdf1f143b41e24485cea50d1cbac27 -> 
  custom:video-encoder-webm-vp8: eb34c28f22e8b96e1ab97ce403110664 -> 
  custom:video-decoder-webm-vp8: 9c59270c3fd7afecdb556c50c9e8de78 -> 
  custom:audio-decoder-ogg-vorbis: bf7c407c2cedff20999df2af8eb42d56 -> 
  custom:audio-encoder-webm-vorbis: bf7c407c2cedff20999df2af8eb42d56 -> 
AssetImportWorkerClient::OnTransportError - code=2 error=End of file
